<?xml version="1.0" encoding="UTF-8"?>
<!-- Generated by org.testng.reporters.JUnitReportReporter -->
<testsuite hostname="DESKTOP-NVU3C2H" failures="0" tests="1" name="testClass.Post_TC_3" time="1.491" errors="0" timestamp="2023-05-24T16:04:51 IST" skipped="0">
  <testcase classname="testClass.Post_TC_3" name="execute" time="1.491"/>
  <system-out/>
</testsuite> <!-- testClass.Post_TC_3 -->
